app/build/intermediates/manifest_merge_blame_file/debug/manifest-merger-blame-debug-report.txt
1<?xml version="1.0" encoding="utf-8"?>
2<manifest xmlns:android="http://schemas.android.com/apk/res/android"
3    package="com.raywenderlich.droidquiz"
4    android:versionCode="1"
5    android:versionName="1.0" >
6
7    <uses-sdk
8        android:minSdkVersion="21"
8-->src/main/AndroidManifest.xml
9        android:targetSdkVersion="28" />
9-->src/main/AndroidManifest.xml
10
11    <application
11-->src/main/AndroidManifest.xml:5:3-26:17
12        android:name="com.raywenderlich.droidquiz.QuizApplication"
12-->src/main/AndroidManifest.xml:6:6-37
13        android:allowBackup="true"
13-->src/main/AndroidManifest.xml:7:5-31
14        android:appComponentFactory="androidx.core.app.CoreComponentFactory"
14-->[androidx.core:core:1.3.0-alpha01] AndroidManifest.xml:24:18-86
15        android:debuggable="true"
16        android:icon="@mipmap/ic_launcher"
16-->src/main/AndroidManifest.xml:8:5-39
17        android:label="@string/app_name"
17-->src/main/AndroidManifest.xml:9:5-37
18        android:roundIcon="@mipmap/ic_launcher_round"
18-->src/main/AndroidManifest.xml:10:5-50
19        android:supportsRtl="true"
19-->src/main/AndroidManifest.xml:11:5-31
20        android:testOnly="true"
21        android:theme="@style/AppTheme" >
21-->src/main/AndroidManifest.xml:12:5-36
22        <activity android:name="com.raywenderlich.droidquiz.view.ResultActivity" />
22-->src/main/AndroidManifest.xml:13:5-62
22-->src/main/AndroidManifest.xml:13:15-50
23        <activity
23-->src/main/AndroidManifest.xml:14:5-16:46
24            android:name="com.raywenderlich.droidquiz.view.QuestionActivity"
24-->src/main/AndroidManifest.xml:15:7-44
25            android:screenOrientation="portrait" />
25-->src/main/AndroidManifest.xml:16:7-43
26        <activity
26-->src/main/AndroidManifest.xml:17:5-25:16
27            android:name="com.raywenderlich.droidquiz.view.MainActivity"
27-->src/main/AndroidManifest.xml:18:7-40
28            android:screenOrientation="portrait" >
28-->src/main/AndroidManifest.xml:19:7-43
29            <intent-filter>
29-->src/main/AndroidManifest.xml:20:7-24:23
30                <action android:name="android.intent.action.MAIN" />
30-->src/main/AndroidManifest.xml:21:9-61
30-->src/main/AndroidManifest.xml:21:17-58
31
32                <category android:name="android.intent.category.LAUNCHER" />
32-->src/main/AndroidManifest.xml:23:9-69
32-->src/main/AndroidManifest.xml:23:19-66
33            </intent-filter>
34        </activity>
35
36        <provider
36-->[androidx.lifecycle:lifecycle-process:2.2.0] AndroidManifest.xml:25:9-29:43
37            android:name="androidx.lifecycle.ProcessLifecycleOwnerInitializer"
37-->[androidx.lifecycle:lifecycle-process:2.2.0] AndroidManifest.xml:26:13-79
38            android:authorities="com.raywenderlich.droidquiz.lifecycle-process"
38-->[androidx.lifecycle:lifecycle-process:2.2.0] AndroidManifest.xml:27:13-69
39            android:exported="false"
39-->[androidx.lifecycle:lifecycle-process:2.2.0] AndroidManifest.xml:28:13-37
40            android:multiprocess="true" />
40-->[androidx.lifecycle:lifecycle-process:2.2.0] AndroidManifest.xml:29:13-40
41
42        <service
42-->[androidx.room:room-runtime:2.2.4] AndroidManifest.xml:25:9-27:40
43            android:name="androidx.room.MultiInstanceInvalidationService"
43-->[androidx.room:room-runtime:2.2.4] AndroidManifest.xml:26:13-74
44            android:exported="false" />
44-->[androidx.room:room-runtime:2.2.4] AndroidManifest.xml:27:13-37
45    </application>
46
47</manifest>